Thu Jan 26 21:59:01 CST 2017. MacIPFW. Can not determine result of sysctl. null
Thu Jan 26 21:59:01 CST 2017. MacIPFW. Can not determine result of sysctl. null
Tue Jan 31 13:22:32 CST 2017. MacIPFW. Can not determine result of sysctl. null
Tue Jan 31 13:22:32 CST 2017. MacIPFW. Can not determine result of sysctl. null
Tue Jan 31 13:28:04 CST 2017. MacIPFW. Can not determine result of sysctl. null
Tue Jan 31 13:28:04 CST 2017. MacIPFW. Can not determine result of sysctl. null
Wed Feb 01 17:47:22 CST 2017. MacIPFW. Can not determine result of sysctl. null
Wed Feb 01 17:47:22 CST 2017. MacIPFW. Can not determine result of sysctl. null
Wed Feb 01 17:47:24 CST 2017. MacIPFW. Can not determine result of sysctl. null
Wed Feb 01 17:47:24 CST 2017. MacIPFW. Can not determine result of sysctl. null
Thu Feb 02 21:26:41 CST 2017. MacIPFW. Can not determine result of sysctl. null
Thu Feb 02 21:26:41 CST 2017. MacIPFW. Can not determine result of sysctl. null
Mon Feb 06 22:10:50 CST 2017. MacIPFW. Can not determine result of sysctl. null
Mon Feb 06 22:10:50 CST 2017. MacIPFW. Can not determine result of sysctl. null
Tue Feb 07 20:54:08 CST 2017. MacIPFW. Can not determine result of sysctl. null
Tue Feb 07 20:54:08 CST 2017. MacIPFW. Can not determine result of sysctl. null
Wed Feb 08 15:36:41 CST 2017. MacIPFW. Can not determine result of sysctl. null
Wed Feb 08 15:36:41 CST 2017. MacIPFW. Can not determine result of sysctl. null
Thu Feb 09 07:04:03 CST 2017. MacIPFW. Can not determine result of sysctl. null
Thu Feb 09 07:04:03 CST 2017. MacIPFW. Can not determine result of sysctl. null
Tue Feb 14 19:38:42 CST 2017. MacIPFW. Can not determine result of sysctl. null
Tue Feb 14 19:38:42 CST 2017. MacIPFW. Can not determine result of sysctl. null
Thu Feb 16 04:23:56 CST 2017. MacIPFW. Can not determine result of sysctl. null
Thu Feb 16 04:23:56 CST 2017. MacIPFW. Can not determine result of sysctl. null
Fri Feb 17 06:02:02 CST 2017. MacIPFW. Can not determine result of sysctl. null
Fri Feb 17 06:02:02 CST 2017. MacIPFW. Can not determine result of sysctl. null
Fri Feb 17 09:44:05 CST 2017. MacIPFW. Can not determine result of sysctl. null
Fri Feb 17 09:44:05 CST 2017. MacIPFW. Can not determine result of sysctl. null
Wed Feb 22 20:21:43 CST 2017. MacIPFW. Can not determine result of sysctl. null
Wed Feb 22 20:21:43 CST 2017. MacIPFW. Can not determine result of sysctl. null
Sat Feb 25 13:13:08 CST 2017. MacIPFW. Can not determine result of sysctl. null
Sat Feb 25 13:13:08 CST 2017. MacIPFW. Can not determine result of sysctl. null
Sat Feb 25 14:13:28 CST 2017. LTA_Stub. Error while invoke method AV is_installed: JarClassLoader. Method is_installed in class CheckPoint.ICS.Linux.LTA.AVInfoProvider reproduce InvocationTargetException.
Sat Feb 25 14:13:28 CST 2017. MacPLUTIL. Process "plutil" cause an InterruptedException
Sat Feb 25 14:13:28 CST 2017. MacIPFW. Can not determine result of sysctl. null
Sat Feb 25 14:13:28 CST 2017. MacIPFW. Can not determine result of sysctl. null
Sat Feb 25 14:13:30 CST 2017. MacPLUTIL. Process "plutil" cause an InterruptedException
Sat Feb 25 14:13:30 CST 2017. LTA_Stub. Error while invoke method AV get_dat_file_date: JarClassLoader. Method get_dat_file_date in class CheckPoint.ICS.Linux.LTA.AVInfoProvider reproduce InvocationTargetException.
Sat Feb 25 14:13:30 CST 2017. MacIPFW. Can not determine result of sysctl. null
Sat Feb 25 14:13:30 CST 2017. MacIPFW. Can not determine result of sysctl. null
Sun Feb 26 17:02:00 CST 2017. MacIPFW. Can not determine result of sysctl. null
Sun Feb 26 17:02:00 CST 2017. MacIPFW. Can not determine result of sysctl. null
Sun Feb 26 17:52:21 CST 2017. MacIPFW. Can not determine result of sysctl. null
Sun Feb 26 17:52:21 CST 2017. MacIPFW. Can not determine result of sysctl. null
Sun Feb 26 19:58:15 CST 2017. MacIPFW. Can not determine result of sysctl. null
Sun Feb 26 19:58:15 CST 2017. MacIPFW. Can not determine result of sysctl. null
Sun Feb 26 19:58:31 CST 2017. MacIPFW. Can not determine result of sysctl. null
Sun Feb 26 19:58:31 CST 2017. MacIPFW. Can not determine result of sysctl. null
Sun Feb 26 19:59:15 CST 2017. MacIPFW. Can not determine result of sysctl. null
Sun Feb 26 19:59:15 CST 2017. MacIPFW. Can not determine result of sysctl. null
Sun Feb 26 19:59:16 CST 2017. MacIPFW. Can not determine result of sysctl. null
Sun Feb 26 19:59:16 CST 2017. MacIPFW. Can not determine result of sysctl. null
Sun Feb 26 19:59:26 CST 2017. MacIPFW. Can not determine result of sysctl. null
Sun Feb 26 19:59:26 CST 2017. MacIPFW. Can not determine result of sysctl. null
Sun Feb 26 21:20:11 CST 2017. MacIPFW. Can not determine result of sysctl. null
Sun Feb 26 21:20:11 CST 2017. MacIPFW. Can not determine result of sysctl. null
Fri Mar 03 16:14:50 CST 2017. MacIPFW. Can not determine result of sysctl. null
Fri Mar 03 16:14:50 CST 2017. MacIPFW. Can not determine result of sysctl. null
Tue Mar 07 12:58:55 CST 2017. MacIPFW. Can not determine result of sysctl. null
Tue Mar 07 12:58:55 CST 2017. MacIPFW. Can not determine result of sysctl. null
Tue Mar 14 06:38:02 CDT 2017. MacIPFW. Can not determine result of sysctl. null
Tue Mar 14 06:38:02 CDT 2017. MacIPFW. Can not determine result of sysctl. null
Tue Mar 14 11:17:58 CDT 2017. MacIPFW. Can not determine result of sysctl. null
Tue Mar 14 11:17:58 CDT 2017. MacIPFW. Can not determine result of sysctl. null
Tue Mar 14 14:09:23 CDT 2017. MacIPFW. Can not determine result of sysctl. null
Tue Mar 14 14:09:23 CDT 2017. MacIPFW. Can not determine result of sysctl. null
Wed Mar 15 06:49:20 CDT 2017. MacIPFW. Can not determine result of sysctl. null
Wed Mar 15 06:49:20 CDT 2017. MacIPFW. Can not determine result of sysctl. null
Wed Mar 15 08:27:31 CDT 2017. MacIPFW. Can not determine result of sysctl. null
Wed Mar 15 08:27:31 CDT 2017. MacIPFW. Can not determine result of sysctl. null
Mon Mar 20 18:06:45 CDT 2017. MacIPFW. Can not determine result of sysctl. null
Mon Mar 20 18:06:45 CDT 2017. MacIPFW. Can not determine result of sysctl. null
